GET /articles 2018-08-06T00:10:43.026Z
GET /articles 2018-08-06T00:10:44.917Z
GET /articles 2018-08-06T00:25:19.702Z
GET /articles 2018-08-06T00:25:21.200Z
GET /articles 2018-08-06T00:25:26.008Z
GET /articles/? 2018-08-06T00:25:30.280Z
GET /articles/? 2018-08-06T00:25:32.854Z
GET /articles/? 2018-08-06T00:25:35.043Z
GET /articles/new? 2018-08-06T00:25:37.032Z
POST /articles 2018-08-06T00:25:41.008Z
GET /articles 2018-08-06T00:25:41.017Z
GET /articles/asd? 2018-08-06T00:25:43.290Z
GET /articles/? 2018-08-06T00:25:47.357Z
GET /articles/? 2018-08-06T00:25:47.933Z
GET /articles/? 2018-08-06T00:25:48.492Z
GET /articles/? 2018-08-06T00:25:48.774Z
GET /? 2018-08-06T00:26:34.340Z
GET /products 2018-08-06T00:26:36.020Z
GET /products/1? 2018-08-06T00:26:38.091Z
GET /products/3? 2018-08-06T00:26:40.734Z
GET /? 2018-08-06T00:27:55.114Z
GET /articles 2018-08-06T00:27:56.480Z
GET /articles 2018-08-06T00:27:58.904Z
GET /articles 2018-08-06T00:28:11.879Z
GET /articles/? 2018-08-06T00:28:13.538Z
GET /articles/? 2018-08-06T00:30:39.488Z
GET /articles/Soccer? 2018-08-06T00:30:42.229Z
GET /articles/Bacon? 2018-08-06T01:44:50.474Z
GET /articles/Soccer? 2018-08-06T01:44:54.554Z
DELETE /articles/Soccer 2018-08-06T01:45:45.518Z
GET /articles 2018-08-06T01:45:45.525Z
GET /articles 2018-08-06T02:17:56.190Z
GET /articles 2018-08-06T02:17:58.084Z
GET /articles 2018-08-06T02:18:18.148Z
GET /articles/new? 2018-08-06T02:19:07.789Z
GET /articles/Soccer? 2018-08-06T02:19:13.699Z
GET /articles/new? 2018-08-06T02:19:22.821Z
POST /articles 2018-08-06T02:19:28.815Z
GET /articles 2018-08-06T02:19:28.823Z
GET /? 2018-08-06T02:19:33.058Z
GET /products 2018-08-06T02:19:34.583Z
GET /products 2018-08-06T02:19:37.687Z
GET /products/new? 2018-08-06T02:19:45.666Z
POST /products 2018-08-06T02:19:49.306Z
POST /products 2018-08-06T02:19:53.783Z
GET /products 2018-08-06T02:19:53.789Z
GET /products/new? 2018-08-06T02:19:57.445Z
POST /products 2018-08-06T02:20:02.137Z
GET /products 2018-08-06T02:20:02.147Z
GET /? 2018-08-06T02:20:07.463Z
GET /articles 2018-08-06T02:20:39.947Z
GET /? 2018-08-06T04:38:27.641Z
GET /articles 2018-08-06T04:38:33.174Z
GET /articles/new? 2018-08-06T04:39:00.378Z
GET /products 2018-08-06T04:39:07.714Z
GET /products/new? 2018-08-06T04:39:09.610Z
GET /products/new? 2018-08-06T04:59:30.729Z
GET /products/new? 2018-08-06T05:02:48.775Z
GET /products/new? 2018-08-06T05:06:36.272Z
GET /products/new? 2018-08-06T05:06:38.710Z
GET /products/new? 2018-08-06T05:06:42.578Z
GET /products/new? 2018-08-06T05:06:49.569Z
GET /products/new? 2018-08-06T05:08:29.613Z
GET /products/new? 2018-08-06T05:09:16.331Z
GET /products/new? 2018-08-06T05:11:27.365Z
GET /products/new? 2018-08-06T05:11:44.998Z
GET /products/new? 2018-08-06T05:12:13.123Z
GET /products/new? 2018-08-06T05:12:50.614Z
GET /products/new? 2018-08-06T05:13:15.296Z
GET /products/new? 2018-08-06T05:13:24.650Z
POST /products 2018-08-06T05:13:41.970Z
POST /products 2018-08-06T05:13:46.539Z
POST /products 2018-08-06T05:13:50.803Z
POST /products 2018-08-06T05:13:55.235Z
POST /products 2018-08-06T05:13:58.830Z
POST /products 2018-08-06T05:14:01.463Z
POST /products 2018-08-06T05:14:03.952Z
POST /products 2018-08-06T05:14:06.460Z
POST /products 2018-08-06T05:14:11.091Z
POST /products 2018-08-06T05:14:25.608Z
POST /products 2018-08-06T05:16:32.703Z
POST /products 2018-08-06T05:16:43.405Z
GET /products/new? 2018-08-06T05:16:47.961Z
GET /products/new? 2018-08-06T05:17:16.659Z
GET /products/new? 2018-08-06T05:17:22.312Z
GET /products/new? 2018-08-06T05:19:15.227Z
GET /products? 2018-08-06T05:19:18.250Z
GET /? 2018-08-06T05:19:41.421Z
GET /articles 2018-08-06T05:19:46.045Z
GET /products 2018-08-06T05:19:49.465Z
GET /products/new? 2018-08-06T05:20:05.119Z
GET /products? 2018-08-06T05:20:37.686Z
GET /products/13? 2018-08-06T05:20:40.293Z
GET /products? 2018-08-06T05:20:42.594Z
GET /? 2018-08-06T05:20:59.844Z
GET /articles 2018-08-06T05:21:01.561Z
GET /articles 2018-08-06T05:23:39.935Z
GET /? 2018-08-06T05:25:37.900Z
GET /products 2018-08-06T05:25:39.563Z
GET /products/new? 2018-08-06T05:25:41.741Z
GET /products/new? 2018-08-06T05:25:43.865Z
GET /products/new? 2018-08-06T05:25:46.115Z
GET /products/new? 2018-08-06T05:25:50.978Z
GET /products/new? 2018-08-06T05:25:52.858Z
GET /products/new? 2018-08-06T05:25:57.581Z
GET /products/new? 2018-08-06T05:26:00.168Z
GET /products/new? 2018-08-06T05:26:45.241Z
GET /products/new? 2018-08-06T05:28:53.986Z
POST /products 2018-08-06T05:28:58.643Z
POST /products 2018-08-06T05:31:22.161Z
POST /products 2018-08-06T05:31:26.589Z
POST /products 2018-08-06T05:31:42.999Z
POST /products 2018-08-06T05:31:47.410Z
POST /products 2018-08-06T05:33:13.490Z
POST /products 2018-08-06T05:33:16.786Z
GET /products? 2018-08-06T05:33:33.427Z
GET /products/new? 2018-08-06T05:33:36.144Z
GET /products/new? 2018-08-06T05:33:57.691Z
GET /products/new? 2018-08-06T05:34:07.752Z
GET /products/new? 2018-08-06T05:34:19.982Z
GET /products/new? 2018-08-06T05:34:22.085Z
GET /products/new? 2018-08-06T05:34:24.178Z
GET /products/new? 2018-08-06T05:34:38.878Z
GET /products/new? 2018-08-06T05:34:40.726Z
GET /products/new? 2018-08-06T05:34:42.934Z
GET /products/new? 2018-08-06T05:34:45.244Z
GET /products/new? 2018-08-06T05:34:49.056Z
GET /products/new? 2018-08-06T05:34:51.789Z
GET /products/new? 2018-08-06T05:34:54.995Z
GET /products/new? 2018-08-06T05:35:30.366Z
POST /products 2018-08-06T05:36:26.348Z
POST /products 2018-08-06T05:36:31.400Z
POST /products 2018-08-06T05:36:38.282Z
POST /products 2018-08-06T05:36:41.666Z
POST /products 2018-08-06T05:36:42.824Z
GET /products? 2018-08-06T05:38:01.775Z
GET /products 2018-08-06T05:38:14.887Z
GET /products/new? 2018-08-06T05:38:22.300Z
GET /products/new? 2018-08-06T05:38:23.517Z
GET /products/new? 2018-08-06T05:38:26.184Z
GET /products/new? 2018-08-06T05:39:02.740Z
GET /products/new? 2018-08-06T05:39:10.991Z
GET /products/new? 2018-08-06T05:39:23.226Z
GET /products/new? 2018-08-06T05:41:01.523Z
GET /products/new? 2018-08-06T05:41:53.342Z
GET /products/new? 2018-08-06T05:42:06.653Z
GET /products/new? 2018-08-06T05:42:15.124Z
GET /products/new? 2018-08-06T05:44:18.774Z
POST /products 2018-08-06T05:44:22.690Z
POST /products 2018-08-06T05:44:41.745Z
POST /products 2018-08-06T05:44:47.046Z
GET /products 2018-08-06T05:44:47.062Z
GET /products 2018-08-06T05:47:01.957Z
GET /products 2018-08-06T05:47:38.465Z
GET /products 2018-08-06T05:47:41.021Z
GET /products 2018-08-06T05:47:49.764Z
GET /products 2018-08-06T05:47:58.021Z
GET /products 2018-08-06T05:48:32.233Z
GET /? 2018-08-06T05:49:15.513Z
GET /products 2018-08-06T05:49:17.606Z
GET /products/new? 2018-08-06T05:49:19.403Z
GET /products? 2018-08-06T05:49:22.011Z
GET /? 2018-08-06T05:49:23.270Z
GET /? 2018-08-06T05:50:58.970Z
GET /? 2018-08-06T05:51:04.531Z
GET /? 2018-08-06T05:51:26.020Z
GET /? 2018-08-06T05:51:48.515Z
GET /articles 2018-08-06T05:51:50.001Z
GET /articles 2018-08-06T05:52:33.039Z
GET /articles 2018-08-06T05:52:39.781Z
GET /articles 2018-08-06T05:52:56.813Z
GET /articles 2018-08-06T05:53:03.636Z
GET /articles 2018-08-06T05:53:15.930Z
GET /articles 2018-08-06T05:53:44.533Z
GET /articles 2018-08-06T05:53:54.121Z
GET /? 2018-08-06T05:54:06.406Z
GET /articles 2018-08-06T05:54:07.595Z
GET /articles/new? 2018-08-06T05:54:09.355Z
GET /articles/new? 2018-08-06T05:54:28.309Z
GET /articles/new? 2018-08-06T05:54:34.140Z
GET /articles/new? 2018-08-06T05:55:11.232Z
POST /articles 2018-08-06T05:55:17.886Z
POST /articles 2018-08-06T05:55:22.467Z
GET /articles 2018-08-06T05:55:22.475Z
GET /articles/new? 2018-08-06T05:55:27.222Z
POST /articles 2018-08-06T05:55:30.837Z
POST /articles 2018-08-06T05:55:37.113Z
GET /articles 2018-08-06T05:55:37.118Z
GET /? 2018-08-06T05:55:39.656Z
GET /products 2018-08-06T05:55:41.346Z
GET /products/new? 2018-08-06T05:55:43.871Z
POST /products 2018-08-06T05:55:48.764Z
POST /products 2018-08-06T05:55:53.095Z
GET /products 2018-08-06T05:55:53.103Z
GET /products/new? 2018-08-06T05:56:01.249Z
POST /products 2018-08-06T05:56:04.995Z
GET /products 2018-08-06T05:56:05.002Z
GET /products 2018-08-06T05:57:26.078Z
GET /products/new? 2018-08-06T05:57:31.105Z
GET /products 2018-08-06T05:58:46.342Z
GET /products/new? 2018-08-06T05:58:49.784Z
POST /products 2018-08-06T05:59:35.743Z
GET /products/new? 2018-08-06T06:01:34.704Z
GET /products 2018-08-06T06:02:49.025Z
GET /products/new? 2018-08-06T06:02:50.896Z
POST /products 2018-08-06T06:02:58.846Z
POST /products 2018-08-06T06:03:29.767Z
GET /products 2018-08-06T06:03:29.864Z
GET /products/new? 2018-08-06T06:05:23.701Z
GET /products 2018-08-06T06:05:58.311Z
GET /products/new? 2018-08-06T06:05:59.815Z
POST /products 2018-08-06T06:06:07.065Z
POST /products 2018-08-06T06:07:14.225Z
POST /products 2018-08-06T06:07:21.524Z
GET /products 2018-08-06T06:07:21.549Z
GET /products 2018-08-06T06:10:11.313Z
GET /products/new? 2018-08-06T06:10:13.618Z
POST /products 2018-08-06T06:11:49.660Z
GET /products/new? 2018-08-06T06:18:09.181Z
GET /products? 2018-08-06T06:18:12.781Z
GET /products? 2018-08-06T06:22:37.185Z
GET /products/new? 2018-08-06T06:22:45.517Z
GET /products? 2018-08-06T06:24:05.306Z
GET /products? 2018-08-06T06:24:12.052Z
GET /products? 2018-08-06T06:24:26.590Z
GET /products/new? 2018-08-06T06:25:14.941Z
POST /products 2018-08-06T06:27:11.766Z
GET /products/new? 2018-08-06T06:40:18.163Z
GET /products/new? 2018-08-06T06:40:42.112Z
GET /products/new? 2018-08-06T06:40:47.984Z
POST /products 2018-08-06T06:40:53.331Z
GET /products 2018-08-06T06:40:53.340Z
GET /products 2018-08-06T06:40:57.116Z
GET /products 2018-08-06T06:41:36.982Z
GET /products/new? 2018-08-06T06:41:48.571Z
POST /products 2018-08-06T06:42:11.982Z
GET /products/ 2018-08-06T06:48:14.104Z
GET /products/new? 2018-08-06T06:48:16.927Z
POST /products 2018-08-06T06:48:26.767Z
GET /products/new? 2018-08-06T06:56:09.869Z
GET /products/1? 2018-08-06T06:56:12.088Z
GET /products/1/edit? 2018-08-06T06:56:13.214Z
PUT /products/1 2018-08-06T06:56:21.137Z
GET /products/1 2018-08-06T06:56:21.144Z
GET /products? 2018-08-06T06:56:25.997Z
GET /? 2018-08-06T06:57:32.323Z
GET /articles 2018-08-06T06:57:33.701Z
GET /articles/new? 2018-08-06T06:57:35.253Z
POST /articles 2018-08-06T06:57:40.336Z
GET /articles 2018-08-06T06:57:40.345Z
GET /articles 2018-08-06T06:59:58.192Z
GET /articles/new? 2018-08-06T06:59:59.711Z
GET /articles? 2018-08-06T07:00:01.348Z
GET /? 2018-08-06T07:00:02.259Z
GET /products 2018-08-06T07:00:03.704Z
GET /products/new? 2018-08-06T07:00:04.928Z
POST /products 2018-08-06T07:01:21.843Z
GET /products? 2018-08-06T07:01:23.104Z
GET /products? 2018-08-06T07:01:25.615Z
GET /products? 2018-08-06T07:02:43.072Z
GET /products/new? 2018-08-06T07:02:47.237Z
POST /products 2018-08-06T07:04:16.501Z
GET /products/new? 2018-08-06T07:04:50.837Z
POST /products 2018-08-06T07:05:02.835Z
GET /products? 2018-08-06T07:05:25.117Z
GET /products? 2018-08-06T07:07:14.671Z
GET /products/new? 2018-08-06T07:07:15.451Z
GET /products 2018-08-06T07:13:03.055Z
GET /products/new? 2018-08-06T07:13:04.036Z
POST /products 2018-08-06T07:13:09.131Z
GET /products/new? 2018-08-06T07:19:29.753Z
GET /products? 2018-08-06T07:19:31.208Z
GET /products? 2018-08-06T07:19:33.604Z
GET /products? 2018-08-06T07:21:10.701Z
GET /products? 2018-08-06T07:22:05.550Z
GET /products/new? 2018-08-06T07:22:06.322Z
GET /products 2018-08-06T07:22:23.167Z
GET /products 2018-08-06T07:22:51.243Z
GET /products/new? 2018-08-06T07:22:52.362Z
POST /products 2018-08-06T07:22:55.568Z
GET /products 2018-08-06T07:22:55.577Z
GET /products 2018-08-06T07:23:43.186Z
GET /products/new? 2018-08-06T07:23:44.481Z
POST /products 2018-08-06T07:24:03.820Z
GET /products? 2018-08-06T07:24:03.828Z
GET /products/new? 2018-08-06T07:24:05.297Z
POST /products 2018-08-06T07:24:09.396Z
GET /products 2018-08-06T07:24:09.405Z
GET /products 2018-08-06T07:24:24.883Z
GET /products/new? 2018-08-06T07:24:25.920Z
POST /products 2018-08-06T07:24:29.844Z
POST /products 2018-08-06T07:24:35.586Z
GET /products 2018-08-06T07:24:35.596Z
GET /products 2018-08-06T07:27:23.530Z
GET /products/new? 2018-08-06T07:27:24.483Z
POST /products 2018-08-06T07:27:27.394Z
GET /products 2018-08-06T07:27:27.402Z
